<?xml version="1.0" encoding="utf-8"?><testsuites name="pytest tests"><testsuite name="pytest" errors="0" failures="0" skipped="0" tests="4" time="14.667" timestamp="2026-06-11T12:03:23.053997+00:00" hostname="agent-env-c61a9c0a-2d55-45b1-87e7-6a6723667aaa"><testcase classname="backend.tests.test_nexus_api" name="test_root" time="0.213" /><testcase classname="backend.tests.test_nexus_api" name="test_create_founder_no_consent" time="0.047" /><testcase classname="backend.tests.test_nexus_api" name="test_create_founder_empty_fields" time="0.045" /><testcase classname="backend.tests.test_nexus_api" name="test_create_founder_success_and_list" time="14.253" /></testsuite></testsuites>